<?xml version="1.0" encoding="UTF-8"?>
<testsuite xmlns:xsi="http://www.w3.org/2001/XMLSchema-instance" xsi:noNamespaceSchemaLocation="https://maven.apache.org/surefire/maven-surefire-plugin/xsd/surefire-test-report-3.0.xsd" version="3.0" name="CalculatorTest" time="0.089" tests="1" errors="0" skipped="0" failures="0">
  <properties>
    <property name="sun.desktop" value="windows"/>
    <property name="awt.toolkit" value="sun.awt.windows.WToolkit"/>
    <property name="java.specification.version" value="11"/>
    <property name="sun.cpu.isalist" value="amd64"/>
    <property name="sun.jnu.encoding" value="Cp1252"/>
    <property name="java.class.path" value="C:\Users\visio\javaFSE_hands-on_solutions\JUnit_Exercises\target\test-classes;C:\Users\visio\javaFSE_hands-on_solutions\JUnit_Exercises\target\classes;C:\Users\visio\.m2\repository\junit\junit\4.13.2\junit-4.13.2.jar;C:\Users\visio\.m2\repository\org\hamcrest\hamcrest-core\1.3\hamcrest-core-1.3.jar;"/>
    <property name="java.vm.vendor" value="Eclipse Adoptium"/>
    <property name="sun.arch.data.model" value="64"/>
    <property name="user.variant" value=""/>
    <property name="java.vendor.url" value="https://adoptium.net/"/>
    <property name="user.timezone" value="Asia/Calcutta"/>
    <property name="java.vm.specification.version" value="11"/>
    <property name="os.name" value="Windows 11"/>
    <property name="sun.java.launcher" value="SUN_STANDARD"/>
    <property name="user.country" value="IN"/>
    <property name="sun.boot.library.path" value="C:\Program Files\Eclipse Adoptium\jdk-11.0.26.4-hotspot\bin"/>
    <property name="sun.java.command" value="C:\Users\visio\AppData\Local\Temp\surefire13662118363712700196\surefirebooter-20250628080939499_3.jar C:\Users\visio\AppData\Local\Temp\surefire13662118363712700196 2025-06-28T08-09-39_054-jvmRun1 surefire-20250628080939499_1tmp surefire_0-20250628080939499_2tmp"/>
    <property name="jdk.debug" value="release"/>
    <property name="surefire.test.class.path" value="C:\Users\visio\javaFSE_hands-on_solutions\JUnit_Exercises\target\test-classes;C:\Users\visio\javaFSE_hands-on_solutions\JUnit_Exercises\target\classes;C:\Users\visio\.m2\repository\junit\junit\4.13.2\junit-4.13.2.jar;C:\Users\visio\.m2\repository\org\hamcrest\hamcrest-core\1.3\hamcrest-core-1.3.jar;"/>
    <property name="sun.cpu.endian" value="little"/>
    <property name="user.home" value="C:\Users\visio"/>
    <property name="user.language" value="en"/>
    <property name="java.specification.vendor" value="Oracle Corporation"/>
    <property name="java.version.date" value="2025-01-21"/>
    <property name="java.home" value="C:\Program Files\Eclipse Adoptium\jdk-11.0.26.4-hotspot"/>
    <property name="file.separator" value="\"/>
    <property name="basedir" value="C:\Users\visio\javaFSE_hands-on_solutions\JUnit_Exercises"/>
    <property name="java.vm.compressedOopsMode" value="Zero based"/>
    <property name="line.separator" value="&#10;"/>
    <property name="java.specification.name" value="Java Platform API Specification"/>
    <property name="java.vm.specification.vendor" value="Oracle Corporation"/>
    <property name="java.awt.graphicsenv" value="sun.awt.Win32GraphicsEnvironment"/>
    <property name="surefire.real.class.path" value="C:\Users\visio\AppData\Local\Temp\surefire13662118363712700196\surefirebooter-20250628080939499_3.jar"/>
    <property name="user.script" value=""/>
    <property name="sun.management.compiler" value="HotSpot 64-Bit Tiered Compilers"/>
    <property name="java.runtime.version" value="11.0.26+4"/>
    <property name="user.name" value="visio"/>
    <property name="path.separator" value=";"/>
    <property name="os.version" value="10.0"/>
    <property name="java.runtime.name" value="OpenJDK Runtime Environment"/>
    <property name="file.encoding" value="Cp1252"/>
    <property name="java.vm.name" value="OpenJDK 64-Bit Server VM"/>
    <property name="java.vendor.version" value="Temurin-11.0.26+4"/>
    <property name="localRepository" value="C:\Users\visio\.m2\repository"/>
    <property name="java.vendor.url.bug" value="https://github.com/adoptium/adoptium-support/issues"/>
    <property name="java.io.tmpdir" value="C:\Users\visio\AppData\Local\Temp\"/>
    <property name="java.version" value="11.0.26"/>
    <property name="user.dir" value="C:\Users\visio\javaFSE_hands-on_solutions\JUnit_Exercises"/>
    <property name="os.arch" value="amd64"/>
    <property name="java.vm.specification.name" value="Java Virtual Machine Specification"/>
    <property name="java.awt.printerjob" value="sun.awt.windows.WPrinterJob"/>
    <property name="sun.os.patch.level" value=""/>
    <property name="java.library.path" value="C:\Program Files\Eclipse Adoptium\jdk-11.0.26.4-hotspot\bin;C:\Windows\Sun\Java\bin;C:\Windows\system32;C:\Windows;C:\Users\visio\AppData\Local\fnm_multishells\46164_1751044285608;C:\app\visio\product\21c\dbhomeXE\bin;C:\Program Files\Eclipse Adoptium\jdk-11.0.26.4-hotspot\bin;C:\Program Files\Eclipse Adoptium\jdk-17.0.14.7-hotspot\bin;C:\Program Files\Common Files\Oracle\Java\javapath;C:\Windows\system32;C:\Windows;C:\Windows\System32\Wbem;C:\Windows\System32\WindowsPowerShell\v1.0\;C:\Windows\System32\OpenSSH\;C:\Program Files\dotnet\;C:\Program Files (x86)\Windows Kits\10\Windows Performance Toolkit\;C:\Program Files\Git\cmd;C:\Users\visio\AppData\Roaming\nvm;C:\Program Files\nodejs;C:\Users\visio\apache-maven-3.9.9\bin;C:\Users\visio\apache-maven-3.9.9\apache-maven-3.9.9\bin;C:\Users\visio\OneDrive\springboot_appl\demo\.mvn\bin;C:\Users\visio\flutter\bin;C:\Program Files\MySQL\MySQL Shell 8.0\bin\;C:\Users\visio\AppData\Local\Microsoft\WindowsApps;C:\Users\visio\AppData\Local\Programs\Microsoft VS Code\bin;C:\Users\visio\.dotnet\tools;C:\Users\visio\AppData\Roaming\npm;C:\Users\visio\flutter\bin;C:\Users\visio\AppData\Local\Pub\Cache\bin;C:\Users\visio\AppData\Local\Programs\Ollama;C:\Users\visio\AppData\Local\Android\Sdk\platform-tools;C:\Program Files\nodejs\;C:\Users\visio\OneDrive\oracle\instantclient_21_13\instantclient_21_13;C:\Users\visio\OneDrive\oracle\instantclient_21_13\instantclient_21_13;C:\Program Files\Eclipse Adoptium\jdk-11.0.26.4-hotspot\bin;C:\Program Files\Common Files\Oracle\Java\javapath;C:\Windows\system32;C:\Windows;C:\Windows\System32\Wbem;C:\Windows\System32\WindowsPowerShell\v1.0\;C:\Windows\System32\OpenSSH\;C:\Program Files\dotnet\;C:\Program Files (x86)\Windows Kits\10\Windows Performance Toolkit\;C:\Program Files\Git\cmd;C:\Users\visio\AppData\Roaming\nvm;C:\Program Files\nodejs;C:\Users\visio\apache-maven-3.9.9\bin;C:\Users\visio\apache-maven-3.9.9\apache-maven-3.9.9\bin;C:\Users\visio\OneDrive\springboot_appl\demo\.mvn\bin;C:\Users\visio\flutter\bin;C:\Program Files\MySQL\MySQL Shell 8.0\bin\;C:\Users\visio\AppData\Local\Microsoft\WindowsApps;C:\Users\visio\AppData\Local\Programs\Microsoft VS Code\bin;C:\Users\visio\.dotnet\tools;C:\Users\visio\AppData\Roaming\npm;C:\Users\visio\flutter\bin;C:\Users\visio\AppData\Local\Pub\Cache\bin;C:\Users\visio\AppData\Local\Programs\Ollama;C:\Users\visio\AppData\Local\Android\Sdk\platform-tools;C:\Users\visio\flutter\bi;C:\Users\visio\AppData\Local\Android\Sdk\platform-tools\adb.exe;C:\Users\visio\AppData\Local\Microsoft\WinGet\Links;C:\Users\visio\AppData\Roaming\Python\Python312\Scripts;C:\Users\visio\AppData\Local\Packages\PythonSoftwareFoundation.Python.3.12_qbz5n2kfra8p0\LocalCache\local-packages\Python312\Scripts;;c:\Users\visio\.vscode\extensions\ms-python.debugpy-2025.8.0-win32-x64\bundled\scripts\noConfigScripts;c:\Users\visio\AppData\Roaming\Code\User\globalStorage\github.copilot-chat\debugCommand;."/>
    <property name="java.vm.info" value="mixed mode"/>
    <property name="java.vendor" value="Eclipse Adoptium"/>
    <property name="java.vm.version" value="11.0.26+4"/>
    <property name="java.specification.maintenance.version" value="3"/>
    <property name="sun.io.unicode.encoding" value="UnicodeLittle"/>
    <property name="java.class.version" value="55.0"/>
  </properties>
  <testcase name="testAddition" classname="CalculatorTest" time="0.0"/>
</testsuite>